[ 2015-04-16T16:35:05+08:00 ] ::1 /blog/index.php/Home/Index/tui
INFO: [ app_begin ] --START--
INFO: Run Behavior\ReadHtmlCache [ RunTime:0.002635s ]
INFO: [ app_begin ] --END-- [ RunTime:0.004782s ]
NOTIC: [8192] mysql_connect(): The mysql extension is deprecated and will be removed in the future: use mysqli or PDO instead G:\wamp\www\blog\ThinkPHP\Library\Think\Db\Driver\Mysql.class.php 第 52 行.
SQL: SHOW COLUMNS FROM `bl_article` [ RunTime:0.011632s ]
SQL: SELECT * FROM `bl_article` WHERE ( atui = 1 ) LIMIT 7   [ RunTime:0.000872s ]

[ 2015-04-16T16:35:09+08:00 ] ::1 /blog/index.php/Home/Index/tui
INFO: [ app_begin ] --START--
INFO: Run Behavior\ReadHtmlCache [ RunTime:0.003385s ]
INFO: [ app_begin ] --END-- [ RunTime:0.005182s ]
NOTIC: [8192] mysql_connect(): The mysql extension is deprecated and will be removed in the future: use mysqli or PDO instead G:\wamp\www\blog\ThinkPHP\Library\Think\Db\Driver\Mysql.class.php 第 52 行.
SQL: SHOW COLUMNS FROM `bl_article` [ RunTime:0.012944s ]
SQL: SELECT * FROM `bl_article` WHERE ( atui = 1 ) LIMIT 7   [ RunTime:0.000988s ]

[ 2015-04-16T16:42:17+08:00 ] ::1 /blog/index.php/Home/Index/tui
INFO: [ app_begin ] --START--
INFO: Run Behavior\ReadHtmlCache [ RunTime:0.003598s ]
INFO: [ app_begin ] --END-- [ RunTime:0.005215s ]
NOTIC: [8192] mysql_connect(): The mysql extension is deprecated and will be removed in the future: use mysqli or PDO instead G:\wamp\www\blog\ThinkPHP\Library\Think\Db\Driver\Mysql.class.php 第 52 行.
SQL: SHOW COLUMNS FROM `bl_article` [ RunTime:0.012776s ]
SQL: SELECT * FROM `bl_article` WHERE ( atui = 1 ) LIMIT 7   [ RunTime:0.001101s ]

