[ 2015-03-27T16:33:05+08:00 ] ::1 /blog/index.php/Admin/Login/recheck
INFO: [ app_begin ] --START--
INFO: Run Behavior\ReadHtmlCache [ RunTime:0.001439s ]
INFO: [ app_begin ] --END-- [ RunTime:0.002729s ]
NOTIC: [8] Undefined index: username G:\wamp\www\blog\Apps\Admin\Controller\LoginController.class.php 第 12 行.
NOTIC: [8] Undefined index: password G:\wamp\www\blog\Apps\Admin\Controller\LoginController.class.php 第 13 行.
NOTIC: [8192] mysql_connect(): The mysql extension is deprecated and will be removed in the future: use mysqli or PDO instead G:\wamp\www\blog\ThinkPHP\Library\Think\Db\Driver\Mysql.class.php 第 52 行.
SQL: SHOW COLUMNS FROM `bl_admin` [ RunTime:0.210736s ]
SQL: SELECT * FROM `bl_admin`  [ RunTime:0.001480s ]

[ 2015-03-27T16:33:05+08:00 ] ::1 /blog/index.php/Admin/Login/recheck
INFO: [ app_begin ] --START--
INFO: Run Behavior\ReadHtmlCache [ RunTime:0.001836s ]
INFO: [ app_begin ] --END-- [ RunTime:0.003610s ]
NOTIC: [8] Undefined index: username G:\wamp\www\blog\Apps\Admin\Controller\LoginController.class.php 第 12 行.
NOTIC: [8] Undefined index: password G:\wamp\www\blog\Apps\Admin\Controller\LoginController.class.php 第 13 行.
NOTIC: [8192] mysql_connect(): The mysql extension is deprecated and will be removed in the future: use mysqli or PDO instead G:\wamp\www\blog\ThinkPHP\Library\Think\Db\Driver\Mysql.class.php 第 52 行.
SQL: SHOW COLUMNS FROM `bl_admin` [ RunTime:0.008988s ]
SQL: SELECT * FROM `bl_admin`  [ RunTime:0.000698s ]

[ 2015-03-27T16:33:05+08:00 ] ::1 /blog/index.php/Admin/Login/recheck
INFO: [ app_begin ] --START--
INFO: Run Behavior\ReadHtmlCache [ RunTime:0.001797s ]
INFO: [ app_begin ] --END-- [ RunTime:0.003202s ]
NOTIC: [8] Undefined index: username G:\wamp\www\blog\Apps\Admin\Controller\LoginController.class.php 第 12 行.
NOTIC: [8] Undefined index: password G:\wamp\www\blog\Apps\Admin\Controller\LoginController.class.php 第 13 行.
NOTIC: [8192] mysql_connect(): The mysql extension is deprecated and will be removed in the future: use mysqli or PDO instead G:\wamp\www\blog\ThinkPHP\Library\Think\Db\Driver\Mysql.class.php 第 52 行.
SQL: SHOW COLUMNS FROM `bl_admin` [ RunTime:0.009253s ]
SQL: SELECT * FROM `bl_admin`  [ RunTime:0.000676s ]

[ 2015-03-27T16:33:05+08:00 ] ::1 /blog/index.php/Admin/Login/recheck
INFO: [ app_begin ] --START--
INFO: Run Behavior\ReadHtmlCache [ RunTime:0.001920s ]
INFO: [ app_begin ] --END-- [ RunTime:0.003422s ]
NOTIC: [8] Undefined index: username G:\wamp\www\blog\Apps\Admin\Controller\LoginController.class.php 第 12 行.
NOTIC: [8] Undefined index: password G:\wamp\www\blog\Apps\Admin\Controller\LoginController.class.php 第 13 行.
NOTIC: [8192] mysql_connect(): The mysql extension is deprecated and will be removed in the future: use mysqli or PDO instead G:\wamp\www\blog\ThinkPHP\Library\Think\Db\Driver\Mysql.class.php 第 52 行.
SQL: SHOW COLUMNS FROM `bl_admin` [ RunTime:0.009380s ]
SQL: SELECT * FROM `bl_admin`  [ RunTime:0.000712s ]

[ 2015-03-27T16:33:09+08:00 ] ::1 /blog/index.php/Admin/Login/recheck
INFO: [ app_begin ] --START--
INFO: Run Behavior\ReadHtmlCache [ RunTime:0.001325s ]
INFO: [ app_begin ] --END-- [ RunTime:0.002642s ]
NOTIC: [8] Undefined index: username G:\wamp\www\blog\Apps\Admin\Controller\LoginController.class.php 第 12 行.
NOTIC: [8] Undefined index: password G:\wamp\www\blog\Apps\Admin\Controller\LoginController.class.php 第 13 行.
NOTIC: [8192] mysql_connect(): The mysql extension is deprecated and will be removed in the future: use mysqli or PDO instead G:\wamp\www\blog\ThinkPHP\Library\Think\Db\Driver\Mysql.class.php 第 52 行.
SQL: SHOW COLUMNS FROM `bl_admin` [ RunTime:0.010600s ]
SQL: SELECT * FROM `bl_admin`  [ RunTime:0.000683s ]

[ 2015-03-27T16:33:11+08:00 ] ::1 /blog/index.php/Admin/Login/recheck
INFO: [ app_begin ] --START--
INFO: Run Behavior\ReadHtmlCache [ RunTime:0.001419s ]
INFO: [ app_begin ] --END-- [ RunTime:0.002723s ]
NOTIC: [8] Undefined index: username G:\wamp\www\blog\Apps\Admin\Controller\LoginController.class.php 第 12 行.
NOTIC: [8] Undefined index: password G:\wamp\www\blog\Apps\Admin\Controller\LoginController.class.php 第 13 行.
NOTIC: [8192] mysql_connect(): The mysql extension is deprecated and will be removed in the future: use mysqli or PDO instead G:\wamp\www\blog\ThinkPHP\Library\Think\Db\Driver\Mysql.class.php 第 52 行.
SQL: SHOW COLUMNS FROM `bl_admin` [ RunTime:0.009102s ]
SQL: SELECT * FROM `bl_admin`  [ RunTime:0.000701s ]

[ 2015-03-27T16:35:51+08:00 ] ::1 /blog/index.php/Admin/Login/recheck
INFO: [ app_begin ] --START--
INFO: Run Behavior\ReadHtmlCache [ RunTime:0.002159s ]
INFO: [ app_begin ] --END-- [ RunTime:0.004039s ]
NOTIC: [8] Undefined index: username G:\wamp\www\blog\Apps\Admin\Controller\LoginController.class.php 第 12 行.
NOTIC: [8] Undefined index: password G:\wamp\www\blog\Apps\Admin\Controller\LoginController.class.php 第 13 行.
NOTIC: [8192] mysql_connect(): The mysql extension is deprecated and will be removed in the future: use mysqli or PDO instead G:\wamp\www\blog\ThinkPHP\Library\Think\Db\Driver\Mysql.class.php 第 52 行.
SQL: SHOW COLUMNS FROM `bl_admin` [ RunTime:0.008749s ]
SQL: SELECT * FROM `bl_admin`  [ RunTime:0.000684s ]

[ 2015-03-27T16:40:46+08:00 ] ::1 /blog/index.php/Admin/Login/recheck
INFO: [ app_begin ] --START--
INFO: Run Behavior\ReadHtmlCache [ RunTime:0.001815s ]
INFO: [ app_begin ] --END-- [ RunTime:0.003227s ]
NOTIC: [8] Undefined index: username G:\wamp\www\blog\Apps\Admin\Controller\LoginController.class.php 第 12 行.
NOTIC: [8] Undefined index: password G:\wamp\www\blog\Apps\Admin\Controller\LoginController.class.php 第 13 行.

[ 2015-03-27T16:40:48+08:00 ] ::1 /blog/index.php/Admin/Login/recheck
INFO: [ app_begin ] --START--
INFO: Run Behavior\ReadHtmlCache [ RunTime:0.001650s ]
INFO: [ app_begin ] --END-- [ RunTime:0.003057s ]
NOTIC: [8] Undefined index: username G:\wamp\www\blog\Apps\Admin\Controller\LoginController.class.php 第 12 行.
NOTIC: [8] Undefined index: password G:\wamp\www\blog\Apps\Admin\Controller\LoginController.class.php 第 13 行.

[ 2015-03-27T16:40:48+08:00 ] ::1 /blog/index.php/Admin/Login/recheck
INFO: [ app_begin ] --START--
INFO: Run Behavior\ReadHtmlCache [ RunTime:0.001344s ]
INFO: [ app_begin ] --END-- [ RunTime:0.002583s ]
NOTIC: [8] Undefined index: username G:\wamp\www\blog\Apps\Admin\Controller\LoginController.class.php 第 12 行.
NOTIC: [8] Undefined index: password G:\wamp\www\blog\Apps\Admin\Controller\LoginController.class.php 第 13 行.

[ 2015-03-27T16:41:27+08:00 ] ::1 /blog/index.php/Admin/Login/recheck
INFO: [ app_begin ] --START--
INFO: Run Behavior\ReadHtmlCache [ RunTime:0.002553s ]
INFO: [ app_begin ] --END-- [ RunTime:0.004387s ]
NOTIC: [8] Undefined index: username G:\wamp\www\blog\Apps\Admin\Controller\LoginController.class.php 第 12 行.
NOTIC: [8] Undefined index: password G:\wamp\www\blog\Apps\Admin\Controller\LoginController.class.php 第 13 行.

[ 2015-03-27T16:41:29+08:00 ] ::1 /blog/index.php/Admin/Login/recheck
INFO: [ app_begin ] --START--
INFO: Run Behavior\ReadHtmlCache [ RunTime:0.001369s ]
INFO: [ app_begin ] --END-- [ RunTime:0.002667s ]
NOTIC: [8] Undefined index: username G:\wamp\www\blog\Apps\Admin\Controller\LoginController.class.php 第 12 行.
NOTIC: [8] Undefined index: password G:\wamp\www\blog\Apps\Admin\Controller\LoginController.class.php 第 13 行.

[ 2015-03-27T16:41:29+08:00 ] ::1 /blog/index.php/Admin/Login/recheck
INFO: [ app_begin ] --START--
INFO: Run Behavior\ReadHtmlCache [ RunTime:0.001608s ]
INFO: [ app_begin ] --END-- [ RunTime:0.002874s ]
NOTIC: [8] Undefined index: username G:\wamp\www\blog\Apps\Admin\Controller\LoginController.class.php 第 12 行.
NOTIC: [8] Undefined index: password G:\wamp\www\blog\Apps\Admin\Controller\LoginController.class.php 第 13 行.

[ 2015-03-27T16:47:02+08:00 ] ::1 /blog/index.php/Admin/Login/recheck
INFO: [ app_begin ] --START--
INFO: Run Behavior\ReadHtmlCache [ RunTime:0.001768s ]
INFO: [ app_begin ] --END-- [ RunTime:0.003193s ]
NOTIC: [8] Undefined index: username G:\wamp\www\blog\Apps\Admin\Controller\LoginController.class.php 第 12 行.
NOTIC: [8] Undefined index: password G:\wamp\www\blog\Apps\Admin\Controller\LoginController.class.php 第 13 行.
NOTIC: [8192] mysql_connect(): The mysql extension is deprecated and will be removed in the future: use mysqli or PDO instead G:\wamp\www\blog\ThinkPHP\Library\Think\Db\Driver\Mysql.class.php 第 52 行.
SQL: SHOW COLUMNS FROM `bl_admin` [ RunTime:0.008566s ]
SQL: SELECT * FROM `bl_admin`  [ RunTime:0.000806s ]

[ 2015-03-27T16:47:17+08:00 ] ::1 /blog/index.php/Admin/Login/recheck
INFO: [ app_begin ] --START--
INFO: Run Behavior\ReadHtmlCache [ RunTime:0.001995s ]
INFO: [ app_begin ] --END-- [ RunTime:0.003668s ]
NOTIC: [8] Undefined index: username G:\wamp\www\blog\Apps\Admin\Controller\LoginController.class.php 第 12 行.
NOTIC: [8] Undefined index: password G:\wamp\www\blog\Apps\Admin\Controller\LoginController.class.php 第 13 行.
NOTIC: [8192] mysql_connect(): The mysql extension is deprecated and will be removed in the future: use mysqli or PDO instead G:\wamp\www\blog\ThinkPHP\Library\Think\Db\Driver\Mysql.class.php 第 52 行.
SQL: SHOW COLUMNS FROM `bl_admin` [ RunTime:0.008705s ]
SQL: SELECT * FROM `bl_admin`  [ RunTime:0.000791s ]

[ 2015-03-27T16:47:19+08:00 ] ::1 /blog/index.php/Admin/Login/recheck
INFO: [ app_begin ] --START--
INFO: Run Behavior\ReadHtmlCache [ RunTime:0.001398s ]
INFO: [ app_begin ] --END-- [ RunTime:0.002678s ]
NOTIC: [8] Undefined index: username G:\wamp\www\blog\Apps\Admin\Controller\LoginController.class.php 第 12 行.
NOTIC: [8] Undefined index: password G:\wamp\www\blog\Apps\Admin\Controller\LoginController.class.php 第 13 行.
NOTIC: [8192] mysql_connect(): The mysql extension is deprecated and will be removed in the future: use mysqli or PDO instead G:\wamp\www\blog\ThinkPHP\Library\Think\Db\Driver\Mysql.class.php 第 52 行.
SQL: SHOW COLUMNS FROM `bl_admin` [ RunTime:0.009540s ]
SQL: SELECT * FROM `bl_admin`  [ RunTime:0.000662s ]

[ 2015-03-27T16:47:54+08:00 ] ::1 /blog/index.php/Admin/Login/recheck
INFO: [ app_begin ] --START--
INFO: Run Behavior\ReadHtmlCache [ RunTime:0.001717s ]
INFO: [ app_begin ] --END-- [ RunTime:0.003251s ]
NOTIC: [8] Undefined index: username G:\wamp\www\blog\Apps\Admin\Controller\LoginController.class.php 第 12 行.
NOTIC: [8] Undefined index: password G:\wamp\www\blog\Apps\Admin\Controller\LoginController.class.php 第 13 行.
NOTIC: [8192] mysql_connect(): The mysql extension is deprecated and will be removed in the future: use mysqli or PDO instead G:\wamp\www\blog\ThinkPHP\Library\Think\Db\Driver\Mysql.class.php 第 52 行.
SQL: SHOW COLUMNS FROM `bl_admin` [ RunTime:0.009339s ]
SQL: SELECT * FROM `bl_admin`  [ RunTime:0.000732s ]

[ 2015-03-27T16:47:55+08:00 ] ::1 /blog/index.php/Admin/Login/recheck
INFO: [ app_begin ] --START--
INFO: Run Behavior\ReadHtmlCache [ RunTime:0.001363s ]
INFO: [ app_begin ] --END-- [ RunTime:0.002557s ]
NOTIC: [8] Undefined index: username G:\wamp\www\blog\Apps\Admin\Controller\LoginController.class.php 第 12 行.
NOTIC: [8] Undefined index: password G:\wamp\www\blog\Apps\Admin\Controller\LoginController.class.php 第 13 行.
NOTIC: [8192] mysql_connect(): The mysql extension is deprecated and will be removed in the future: use mysqli or PDO instead G:\wamp\www\blog\ThinkPHP\Library\Think\Db\Driver\Mysql.class.php 第 52 行.
SQL: SHOW COLUMNS FROM `bl_admin` [ RunTime:0.008456s ]
SQL: SELECT * FROM `bl_admin`  [ RunTime:0.000665s ]

[ 2015-03-27T16:47:55+08:00 ] ::1 /blog/index.php/Admin/Login/recheck
INFO: [ app_begin ] --START--
INFO: Run Behavior\ReadHtmlCache [ RunTime:0.001348s ]
INFO: [ app_begin ] --END-- [ RunTime:0.002552s ]
NOTIC: [8] Undefined index: username G:\wamp\www\blog\Apps\Admin\Controller\LoginController.class.php 第 12 行.
NOTIC: [8] Undefined index: password G:\wamp\www\blog\Apps\Admin\Controller\LoginController.class.php 第 13 行.
NOTIC: [8192] mysql_connect(): The mysql extension is deprecated and will be removed in the future: use mysqli or PDO instead G:\wamp\www\blog\ThinkPHP\Library\Think\Db\Driver\Mysql.class.php 第 52 行.
SQL: SHOW COLUMNS FROM `bl_admin` [ RunTime:0.010483s ]
SQL: SELECT * FROM `bl_admin`  [ RunTime:0.000648s ]

[ 2015-03-27T16:48:34+08:00 ] ::1 /blog/index.php/Admin/Login/recheck
INFO: [ app_begin ] --START--
INFO: Run Behavior\ReadHtmlCache [ RunTime:0.001478s ]
INFO: [ app_begin ] --END-- [ RunTime:0.002775s ]
NOTIC: [8] Undefined index: username G:\wamp\www\blog\Apps\Admin\Controller\LoginController.class.php 第 12 行.
NOTIC: [8] Undefined index: password G:\wamp\www\blog\Apps\Admin\Controller\LoginController.class.php 第 13 行.
NOTIC: [8192] mysql_connect(): The mysql extension is deprecated and will be removed in the future: use mysqli or PDO instead G:\wamp\www\blog\ThinkPHP\Library\Think\Db\Driver\Mysql.class.php 第 52 行.
SQL: SHOW COLUMNS FROM `bl_admin` [ RunTime:0.008849s ]
SQL: SELECT * FROM `bl_admin`  [ RunTime:0.000690s ]

[ 2015-03-27T16:48:43+08:00 ] ::1 /blog/index.php/Admin/Login/recheck
INFO: [ app_begin ] --START--
INFO: Run Behavior\ReadHtmlCache [ RunTime:0.001537s ]
INFO: [ app_begin ] --END-- [ RunTime:0.002962s ]
NOTIC: [8] Undefined index: username G:\wamp\www\blog\Apps\Admin\Controller\LoginController.class.php 第 12 行.
NOTIC: [8] Undefined index: password G:\wamp\www\blog\Apps\Admin\Controller\LoginController.class.php 第 13 行.
NOTIC: [8192] mysql_connect(): The mysql extension is deprecated and will be removed in the future: use mysqli or PDO instead G:\wamp\www\blog\ThinkPHP\Library\Think\Db\Driver\Mysql.class.php 第 52 行.
SQL: SHOW COLUMNS FROM `bl_admin` [ RunTime:0.012597s ]
SQL: SELECT * FROM `bl_admin`  [ RunTime:0.000782s ]

[ 2015-03-27T16:49:33+08:00 ] ::1 /blog/index.php/Admin/Login/recheck
INFO: [ app_begin ] --START--
INFO: Run Behavior\ReadHtmlCache [ RunTime:0.001858s ]
INFO: [ app_begin ] --END-- [ RunTime:0.003250s ]
NOTIC: [8] Undefined index: username G:\wamp\www\blog\Apps\Admin\Controller\LoginController.class.php 第 12 行.
NOTIC: [8] Undefined index: password G:\wamp\www\blog\Apps\Admin\Controller\LoginController.class.php 第 13 行.
NOTIC: [8192] mysql_connect(): The mysql extension is deprecated and will be removed in the future: use mysqli or PDO instead G:\wamp\www\blog\ThinkPHP\Library\Think\Db\Driver\Mysql.class.php 第 52 行.
SQL: SHOW COLUMNS FROM `bl_admin` [ RunTime:0.009470s ]
SQL: SELECT * FROM `bl_admin`  [ RunTime:0.000706s ]

[ 2015-03-27T16:51:09+08:00 ] ::1 /blog/index.php/Admin/Login/recheck
INFO: [ app_begin ] --START--
INFO: Run Behavior\ReadHtmlCache [ RunTime:0.001455s ]
INFO: [ app_begin ] --END-- [ RunTime:0.002783s ]
NOTIC: [8] Undefined index: username G:\wamp\www\blog\Apps\Admin\Controller\LoginController.class.php 第 12 行.
NOTIC: [8] Undefined index: password G:\wamp\www\blog\Apps\Admin\Controller\LoginController.class.php 第 13 行.
NOTIC: [8192] mysql_connect(): The mysql extension is deprecated and will be removed in the future: use mysqli or PDO instead G:\wamp\www\blog\ThinkPHP\Library\Think\Db\Driver\Mysql.class.php 第 52 行.
SQL: SHOW COLUMNS FROM `bl_admin` [ RunTime:0.009539s ]
SQL: SELECT * FROM `bl_admin`  [ RunTime:0.000680s ]

[ 2015-03-27T16:55:25+08:00 ] ::1 /blog/index.php/Admin/Login/recheck
INFO: [ app_begin ] --START--
INFO: Run Behavior\ReadHtmlCache [ RunTime:0.001848s ]
INFO: [ app_begin ] --END-- [ RunTime:0.003278s ]
NOTIC: [8] Undefined index: username G:\wamp\www\blog\Apps\Admin\Controller\LoginController.class.php 第 12 行.
NOTIC: [8] Undefined index: password G:\wamp\www\blog\Apps\Admin\Controller\LoginController.class.php 第 13 行.
NOTIC: [8192] mysql_connect(): The mysql extension is deprecated and will be removed in the future: use mysqli or PDO instead G:\wamp\www\blog\ThinkPHP\Library\Think\Db\Driver\Mysql.class.php 第 52 行.
SQL: SHOW COLUMNS FROM `bl_admin` [ RunTime:0.008848s ]
SQL: SELECT * FROM `bl_admin`  [ RunTime:0.000681s ]

[ 2015-03-27T16:56:23+08:00 ] ::1 /blog/index.php/Admin/Login/recheck
INFO: [ app_begin ] --START--
INFO: Run Behavior\ReadHtmlCache [ RunTime:0.001532s ]
INFO: [ app_begin ] --END-- [ RunTime:0.002831s ]
NOTIC: [8] Undefined index: username G:\wamp\www\blog\Apps\Admin\Controller\LoginController.class.php 第 12 行.
NOTIC: [8] Undefined index: password G:\wamp\www\blog\Apps\Admin\Controller\LoginController.class.php 第 13 行.
NOTIC: [8192] mysql_connect(): The mysql extension is deprecated and will be removed in the future: use mysqli or PDO instead G:\wamp\www\blog\ThinkPHP\Library\Think\Db\Driver\Mysql.class.php 第 52 行.
SQL: SHOW COLUMNS FROM `bl_admin` [ RunTime:0.009060s ]
SQL: SELECT * FROM `bl_admin`  [ RunTime:0.000636s ]

[ 2015-03-27T17:50:21+08:00 ] ::1 /blog/index.php/Admin/Login/recheck
INFO: [ app_begin ] --START--
INFO: Run Behavior\ReadHtmlCache [ RunTime:0.000543s ]
INFO: [ app_begin ] --END-- [ RunTime:0.001074s ]
NOTIC: [8] Undefined index: username G:\wamp\www\blog\Apps\Admin\Controller\LoginController.class.php 第 12 行.
NOTIC: [8] Undefined index: password G:\wamp\www\blog\Apps\Admin\Controller\LoginController.class.php 第 13 行.
NOTIC: [8192] mysql_connect(): The mysql extension is deprecated and will be removed in the future: use mysqli or PDO instead G:\wamp\www\blog\ThinkPHP\Library\Think\Db\Driver\Mysql.class.php 第 52 行.
SQL: SHOW COLUMNS FROM `bl_admin` [ RunTime:0.004241s ]
SQL: SELECT * FROM `bl_admin`  [ RunTime:0.000364s ]

[ 2015-03-27T18:03:58+08:00 ] ::1 /blog/
INFO: [ app_begin ] --START--
INFO: Run Behavior\ReadHtmlCache [ RunTime:0.001691s ]
INFO: [ app_begin ] --END-- [ RunTime:0.003338s ]
INFO: [ view_parse ] --START--
INFO: [ template_filter ] --START--
INFO: Run Behavior\ContentReplace [ RunTime:0.000391s ]
INFO: [ template_filter ] --END-- [ RunTime:0.000856s ]
INFO: Run Behavior\ParseTemplate [ RunTime:0.053264s ]
INFO: [ view_parse ] --END-- [ RunTime:0.053791s ]
INFO: [ view_filter ] --START--
INFO: Run Behavior\WriteHtmlCache [ RunTime:0.001193s ]
INFO: [ view_filter ] --END-- [ RunTime:0.001602s ]
INFO: [ app_end ] --START--
INFO: Run Behavior\ShowPageTrace [ RunTime:0.001853s ]
INFO: [ app_end ] --END-- [ RunTime:0.002304s ]

[ 2015-03-27T18:12:26+08:00 ] ::1 /blog/index.php/Admin/Login/recheck
INFO: [ app_begin ] --START--
INFO: Run Behavior\ReadHtmlCache [ RunTime:0.001768s ]
INFO: [ app_begin ] --END-- [ RunTime:0.003891s ]
NOTIC: [8] Undefined index: username G:\wamp\www\blog\Apps\Admin\Controller\LoginController.class.php 第 12 行.
NOTIC: [8] Undefined index: password G:\wamp\www\blog\Apps\Admin\Controller\LoginController.class.php 第 13 行.
NOTIC: [8192] mysql_connect(): The mysql extension is deprecated and will be removed in the future: use mysqli or PDO instead G:\wamp\www\blog\ThinkPHP\Library\Think\Db\Driver\Mysql.class.php 第 52 行.
SQL: SHOW COLUMNS FROM `bl_admin` [ RunTime:0.009379s ]
SQL: SELECT * FROM `bl_admin`  [ RunTime:0.000586s ]

[ 2015-03-27T20:05:33+08:00 ] ::1 /blog/index.php/Admin/Set/Set/change
ERR: 非法操作:set

