[ 2015-04-23T21:09:15+08:00 ] 127.0.0.1 /Home/Index/tui
INFO: [ app_begin ] --START--
INFO: Run Behavior\ReadHtmlCache [ RunTime:0.007793s ]
INFO: [ app_begin ] --END-- [ RunTime:0.010264s ]
NOTIC: [8192] mysql_connect(): The mysql extension is deprecated and will be removed in the future: use mysqli or PDO instead G:\wamp\www\blog\ThinkPHP\Library\Think\Db\Driver\Mysql.class.php 第 52 行.
SQL: SHOW COLUMNS FROM `bl_article` [ RunTime:0.014277s ]
SQL: SELECT * FROM `bl_article` WHERE ( atui = 1 ) LIMIT 7   [ RunTime:0.001421s ]

[ 2015-04-23T21:09:26+08:00 ] 127.0.0.1 /Admin/Login/recheck
INFO: [ app_begin ] --START--
INFO: Run Behavior\ReadHtmlCache [ RunTime:0.004010s ]
INFO: [ app_begin ] --END-- [ RunTime:0.005656s ]
NOTIC: [8192] mysql_connect(): The mysql extension is deprecated and will be removed in the future: use mysqli or PDO instead G:\wamp\www\blog\ThinkPHP\Library\Think\Db\Driver\Mysql.class.php 第 52 行.
SQL: SHOW COLUMNS FROM `bl_admin` [ RunTime:0.046523s ]
SQL: SELECT * FROM `bl_admin`  [ RunTime:0.000704s ]

[ 2015-04-23T21:10:14+08:00 ] 127.0.0.1 /Home/Index/tui
INFO: [ app_begin ] --START--
INFO: Run Behavior\ReadHtmlCache [ RunTime:0.002647s ]
INFO: [ app_begin ] --END-- [ RunTime:0.004797s ]
NOTIC: [8192] mysql_connect(): The mysql extension is deprecated and will be removed in the future: use mysqli or PDO instead G:\wamp\www\blog\ThinkPHP\Library\Think\Db\Driver\Mysql.class.php 第 52 行.
SQL: SHOW COLUMNS FROM `bl_article` [ RunTime:0.012806s ]
SQL: SELECT * FROM `bl_article` WHERE ( atui = 1 ) LIMIT 7   [ RunTime:0.001345s ]

[ 2015-04-23T21:10:21+08:00 ] 127.0.0.1 /Home/Index/tui
INFO: [ app_begin ] --START--
INFO: Run Behavior\ReadHtmlCache [ RunTime:0.005388s ]
INFO: [ app_begin ] --END-- [ RunTime:0.008129s ]
NOTIC: [8192] mysql_connect(): The mysql extension is deprecated and will be removed in the future: use mysqli or PDO instead G:\wamp\www\blog\ThinkPHP\Library\Think\Db\Driver\Mysql.class.php 第 52 行.
SQL: SHOW COLUMNS FROM `bl_article` [ RunTime:0.014507s ]
SQL: SELECT * FROM `bl_article` WHERE ( atui = 1 ) LIMIT 7   [ RunTime:0.001315s ]

[ 2015-04-23T21:10:26+08:00 ] 127.0.0.1 /Home/Index/tui
INFO: [ app_begin ] --START--
INFO: Run Behavior\ReadHtmlCache [ RunTime:0.004729s ]
INFO: [ app_begin ] --END-- [ RunTime:0.007778s ]
NOTIC: [8192] mysql_connect(): The mysql extension is deprecated and will be removed in the future: use mysqli or PDO instead G:\wamp\www\blog\ThinkPHP\Library\Think\Db\Driver\Mysql.class.php 第 52 行.
SQL: SHOW COLUMNS FROM `bl_article` [ RunTime:0.013561s ]
SQL: SELECT * FROM `bl_article` WHERE ( atui = 1 ) LIMIT 7   [ RunTime:0.001374s ]

[ 2015-04-23T21:14:56+08:00 ] 127.0.0.1 /Home/Index/tui
INFO: [ app_begin ] --START--
INFO: Run Behavior\ReadHtmlCache [ RunTime:0.003544s ]
INFO: [ app_begin ] --END-- [ RunTime:0.005590s ]
NOTIC: [8192] mysql_connect(): The mysql extension is deprecated and will be removed in the future: use mysqli or PDO instead G:\wamp\www\blog\ThinkPHP\Library\Think\Db\Driver\Mysql.class.php 第 52 行.
SQL: SHOW COLUMNS FROM `bl_article` [ RunTime:0.013869s ]
SQL: SELECT * FROM `bl_article` WHERE ( atui = 1 ) LIMIT 7   [ RunTime:0.001845s ]

[ 2015-04-23T21:14:57+08:00 ] 127.0.0.1 /Home/Index/hot
INFO: [ app_begin ] --START--
INFO: Run Behavior\ReadHtmlCache [ RunTime:0.003493s ]
INFO: [ app_begin ] --END-- [ RunTime:0.006119s ]
NOTIC: [8192] mysql_connect(): The mysql extension is deprecated and will be removed in the future: use mysqli or PDO instead G:\wamp\www\blog\ThinkPHP\Library\Think\Db\Driver\Mysql.class.php 第 52 行.
SQL: SHOW COLUMNS FROM `bl_article` [ RunTime:0.014556s ]
SQL: SELECT * FROM `bl_article` ORDER BY aid desc LIMIT 7   [ RunTime:0.001511s ]

[ 2015-04-23T21:15:17+08:00 ] 127.0.0.1 /Home/Index/tui
INFO: [ app_begin ] --START--
INFO: Run Behavior\ReadHtmlCache [ RunTime:0.002370s ]
INFO: [ app_begin ] --END-- [ RunTime:0.004036s ]
NOTIC: [8192] mysql_connect(): The mysql extension is deprecated and will be removed in the future: use mysqli or PDO instead G:\wamp\www\blog\ThinkPHP\Library\Think\Db\Driver\Mysql.class.php 第 52 行.
SQL: SHOW COLUMNS FROM `bl_article` [ RunTime:0.014824s ]
SQL: SELECT * FROM `bl_article` WHERE ( atui = 1 ) LIMIT 7   [ RunTime:0.001475s ]

