[ 2015-03-24T18:22:26+08:00 ] ::1 /blog/
INFO: [ app_begin ] --START--
INFO: Run Behavior\ReadHtmlCache [ RunTime:0.010351s ]
INFO: [ app_begin ] --END-- [ RunTime:0.055979s ]
INFO: [ view_parse ] --START--
INFO: [ template_filter ] --START--
INFO: Run Behavior\ContentReplace [ RunTime:0.000662s ]
INFO: [ template_filter ] --END-- [ RunTime:0.001648s ]
INFO: Run Behavior\ParseTemplate [ RunTime:0.088230s ]
INFO: [ view_parse ] --END-- [ RunTime:0.088741s ]
INFO: [ view_filter ] --START--
INFO: Run Behavior\WriteHtmlCache [ RunTime:0.015396s ]
INFO: [ view_filter ] --END-- [ RunTime:0.015876s ]
INFO: [ app_end ] --START--
INFO: Run Behavior\ShowPageTrace [ RunTime:0.002820s ]
INFO: [ app_end ] --END-- [ RunTime:0.003411s ]

[ 2015-03-24T18:22:32+08:00 ] ::1 /blog/
INFO: [ app_begin ] --START--
INFO: Run Behavior\ReadHtmlCache [ RunTime:0.003186s ]
INFO: [ app_begin ] --END-- [ RunTime:0.005140s ]
INFO: [ view_parse ] --START--
INFO: [ template_filter ] --START--
INFO: Run Behavior\ContentReplace [ RunTime:0.000472s ]
INFO: [ template_filter ] --END-- [ RunTime:0.000977s ]
INFO: Run Behavior\ParseTemplate [ RunTime:0.057410s ]
INFO: [ view_parse ] --END-- [ RunTime:0.058032s ]
INFO: [ view_filter ] --START--
INFO: Run Behavior\WriteHtmlCache [ RunTime:0.002326s ]
INFO: [ view_filter ] --END-- [ RunTime:0.003030s ]
INFO: [ app_end ] --START--
INFO: Run Behavior\ShowPageTrace [ RunTime:0.002949s ]
INFO: [ app_end ] --END-- [ RunTime:0.003578s ]

[ 2015-03-24T18:25:39+08:00 ] ::1 /blog/
INFO: [ app_begin ] --START--
INFO: Run Behavior\ReadHtmlCache [ RunTime:0.002746s ]
INFO: [ app_begin ] --END-- [ RunTime:0.004907s ]
INFO: [ view_parse ] --START--
INFO: [ template_filter ] --START--
INFO: Run Behavior\ContentReplace [ RunTime:0.000692s ]
INFO: [ template_filter ] --END-- [ RunTime:0.001275s ]
INFO: Run Behavior\ParseTemplate [ RunTime:0.038097s ]
INFO: [ view_parse ] --END-- [ RunTime:0.038727s ]
INFO: [ view_filter ] --START--
INFO: Run Behavior\WriteHtmlCache [ RunTime:0.001804s ]
INFO: [ view_filter ] --END-- [ RunTime:0.002531s ]
INFO: [ app_end ] --START--
INFO: Run Behavior\ShowPageTrace [ RunTime:0.002508s ]
INFO: [ app_end ] --END-- [ RunTime:0.003254s ]

[ 2015-03-24T18:26:30+08:00 ] ::1 /blog/
INFO: [ app_begin ] --START--
INFO: Run Behavior\ReadHtmlCache [ RunTime:0.004497s ]
INFO: [ app_begin ] --END-- [ RunTime:0.006212s ]
INFO: [ view_parse ] --START--
INFO: [ template_filter ] --START--
INFO: Run Behavior\ContentReplace [ RunTime:0.000358s ]
INFO: [ template_filter ] --END-- [ RunTime:0.000814s ]
INFO: Run Behavior\ParseTemplate [ RunTime:0.062550s ]
INFO: [ view_parse ] --END-- [ RunTime:0.063055s ]
INFO: [ view_filter ] --START--
INFO: Run Behavior\WriteHtmlCache [ RunTime:0.001277s ]
INFO: [ view_filter ] --END-- [ RunTime:0.001684s ]
INFO: [ app_end ] --START--
INFO: Run Behavior\ShowPageTrace [ RunTime:0.002245s ]
INFO: [ app_end ] --END-- [ RunTime:0.002751s ]

[ 2015-03-24T18:26:34+08:00 ] ::1 /blog/
INFO: [ app_begin ] --START--
INFO: Run Behavior\ReadHtmlCache [ RunTime:0.002121s ]
INFO: [ app_begin ] --END-- [ RunTime:0.005177s ]
INFO: [ view_parse ] --START--
INFO: [ template_filter ] --START--
INFO: Run Behavior\ContentReplace [ RunTime:0.000416s ]
INFO: [ template_filter ] --END-- [ RunTime:0.001271s ]
INFO: Run Behavior\ParseTemplate [ RunTime:0.035928s ]
INFO: [ view_parse ] --END-- [ RunTime:0.036805s ]
INFO: [ view_filter ] --START--
INFO: Run Behavior\WriteHtmlCache [ RunTime:0.001400s ]
INFO: [ view_filter ] --END-- [ RunTime:0.003633s ]
INFO: [ app_end ] --START--
INFO: Run Behavior\ShowPageTrace [ RunTime:0.002463s ]
INFO: [ app_end ] --END-- [ RunTime:0.003313s ]

[ 2015-03-24T18:26:42+08:00 ] ::1 /blog/
INFO: [ app_begin ] --START--
INFO: Run Behavior\ReadHtmlCache [ RunTime:0.004484s ]
INFO: [ app_begin ] --END-- [ RunTime:0.006864s ]
INFO: [ view_parse ] --START--
INFO: [ template_filter ] --START--
INFO: Run Behavior\ContentReplace [ RunTime:0.000673s ]
INFO: [ template_filter ] --END-- [ RunTime:0.001778s ]
INFO: Run Behavior\ParseTemplate [ RunTime:0.056664s ]
INFO: [ view_parse ] --END-- [ RunTime:0.057478s ]
INFO: [ view_filter ] --START--
INFO: Run Behavior\WriteHtmlCache [ RunTime:0.002630s ]
INFO: [ view_filter ] --END-- [ RunTime:0.003428s ]
INFO: [ app_end ] --START--
INFO: Run Behavior\ShowPageTrace [ RunTime:0.010617s ]
INFO: [ app_end ] --END-- [ RunTime:0.011229s ]

[ 2015-03-24T18:27:13+08:00 ] ::1 /blog/
INFO: [ app_begin ] --START--
INFO: Run Behavior\ReadHtmlCache [ RunTime:0.002114s ]
INFO: [ app_begin ] --END-- [ RunTime:0.005818s ]
INFO: [ view_parse ] --START--
INFO: [ template_filter ] --START--
INFO: Run Behavior\ContentReplace [ RunTime:0.000429s ]
INFO: [ template_filter ] --END-- [ RunTime:0.001042s ]
INFO: Run Behavior\ParseTemplate [ RunTime:0.035105s ]
INFO: [ view_parse ] --END-- [ RunTime:0.035769s ]
INFO: [ view_filter ] --START--
INFO: Run Behavior\WriteHtmlCache [ RunTime:0.001719s ]
INFO: [ view_filter ] --END-- [ RunTime:0.002539s ]
INFO: [ app_end ] --START--
INFO: Run Behavior\ShowPageTrace [ RunTime:0.002360s ]
INFO: [ app_end ] --END-- [ RunTime:0.003250s ]

[ 2015-03-24T18:42:28+08:00 ] ::1 /blog/index.php/Admin/Module/add
ERR: 非法操作:add

[ 2015-03-24T18:42:44+08:00 ] ::1 /blog/index.php/Admin/Module/add
ERR: 非法操作:add

[ 2015-03-24T18:53:32+08:00 ] ::1 /blog/index.php/Admin/Login/check
INFO: [ app_begin ] --START--
INFO: Run Behavior\ReadHtmlCache [ RunTime:0.003934s ]
INFO: [ app_begin ] --END-- [ RunTime:0.006021s ]
ERR: 非法操作:check

