[ 2015-03-26T10:41:23+08:00 ] ::1 /blog/
INFO: [ app_begin ] --START--
INFO: Run Behavior\ReadHtmlCache [ RunTime:0.011362s ]
INFO: [ app_begin ] --END-- [ RunTime:0.034753s ]
INFO: [ view_parse ] --START--
INFO: [ template_filter ] --START--
INFO: Run Behavior\ContentReplace [ RunTime:0.000364s ]
INFO: [ template_filter ] --END-- [ RunTime:0.001220s ]
INFO: Run Behavior\ParseTemplate [ RunTime:0.086366s ]
INFO: [ view_parse ] --END-- [ RunTime:0.087045s ]
INFO: [ view_filter ] --START--
INFO: Run Behavior\WriteHtmlCache [ RunTime:0.013187s ]
INFO: [ view_filter ] --END-- [ RunTime:0.013692s ]
INFO: [ app_end ] --START--
INFO: Run Behavior\ShowPageTrace [ RunTime:0.012272s ]
INFO: [ app_end ] --END-- [ RunTime:0.012944s ]

[ 2015-03-26T12:24:02+08:00 ] ::1 /blog/index.php/Admin/Login/recheck
INFO: [ app_begin ] --START--
INFO: Run Behavior\ReadHtmlCache [ RunTime:0.001506s ]
INFO: [ app_begin ] --END-- [ RunTime:0.003262s ]
NOTIC: [8] Undefined index: username G:\wamp\www\blog\Apps\Admin\Controller\LoginController.class.php 第 12 行.
NOTIC: [8] Undefined index: password G:\wamp\www\blog\Apps\Admin\Controller\LoginController.class.php 第 13 行.
NOTIC: [8192] mysql_connect(): The mysql extension is deprecated and will be removed in the future: use mysqli or PDO instead G:\wamp\www\blog\ThinkPHP\Library\Think\Db\Driver\Mysql.class.php 第 52 行.
SQL: SHOW COLUMNS FROM `bl_admin` [ RunTime:0.027100s ]
SQL: SELECT * FROM `bl_admin`  [ RunTime:0.001599s ]

[ 2015-03-26T12:24:09+08:00 ] ::1 /blog/index.php/Admin/Login/recheck
INFO: [ app_begin ] --START--
INFO: Run Behavior\ReadHtmlCache [ RunTime:0.001526s ]
INFO: [ app_begin ] --END-- [ RunTime:0.003030s ]
NOTIC: [8] Undefined index: username G:\wamp\www\blog\Apps\Admin\Controller\LoginController.class.php 第 12 行.
NOTIC: [8] Undefined index: password G:\wamp\www\blog\Apps\Admin\Controller\LoginController.class.php 第 13 行.
NOTIC: [8192] mysql_connect(): The mysql extension is deprecated and will be removed in the future: use mysqli or PDO instead G:\wamp\www\blog\ThinkPHP\Library\Think\Db\Driver\Mysql.class.php 第 52 行.
SQL: SHOW COLUMNS FROM `bl_admin` [ RunTime:0.019997s ]
SQL: SELECT * FROM `bl_admin`  [ RunTime:0.000662s ]

[ 2015-03-26T12:24:12+08:00 ] ::1 /blog/index.php/Admin/Login/recheck
INFO: [ app_begin ] --START--
INFO: Run Behavior\ReadHtmlCache [ RunTime:0.001442s ]
INFO: [ app_begin ] --END-- [ RunTime:0.002807s ]
NOTIC: [8] Undefined index: username G:\wamp\www\blog\Apps\Admin\Controller\LoginController.class.php 第 12 行.
NOTIC: [8] Undefined index: password G:\wamp\www\blog\Apps\Admin\Controller\LoginController.class.php 第 13 行.
NOTIC: [8192] mysql_connect(): The mysql extension is deprecated and will be removed in the future: use mysqli or PDO instead G:\wamp\www\blog\ThinkPHP\Library\Think\Db\Driver\Mysql.class.php 第 52 行.
SQL: SHOW COLUMNS FROM `bl_admin` [ RunTime:0.055159s ]
SQL: SELECT * FROM `bl_admin`  [ RunTime:0.000727s ]

[ 2015-03-26T12:25:18+08:00 ] ::1 /blog/index.php/Admin/Login/recheck
INFO: [ app_begin ] --START--
INFO: Run Behavior\ReadHtmlCache [ RunTime:0.004371s ]
INFO: [ app_begin ] --END-- [ RunTime:0.008138s ]
NOTIC: [8] Undefined index: username G:\wamp\www\blog\Apps\Admin\Controller\LoginController.class.php 第 12 行.
NOTIC: [8] Undefined index: password G:\wamp\www\blog\Apps\Admin\Controller\LoginController.class.php 第 13 行.
NOTIC: [8192] mysql_connect(): The mysql extension is deprecated and will be removed in the future: use mysqli or PDO instead G:\wamp\www\blog\ThinkPHP\Library\Think\Db\Driver\Mysql.class.php 第 52 行.
SQL: SHOW COLUMNS FROM `bl_admin` [ RunTime:0.046059s ]
SQL: SELECT * FROM `bl_admin`  [ RunTime:0.000729s ]

[ 2015-03-26T12:28:03+08:00 ] ::1 /blog/index.php/Admin/Login/recheck
INFO: [ app_begin ] --START--
INFO: Run Behavior\ReadHtmlCache [ RunTime:0.001751s ]
INFO: [ app_begin ] --END-- [ RunTime:0.003585s ]
NOTIC: [8] Undefined index: username G:\wamp\www\blog\Apps\Admin\Controller\LoginController.class.php 第 12 行.
NOTIC: [8] Undefined index: password G:\wamp\www\blog\Apps\Admin\Controller\LoginController.class.php 第 13 行.
NOTIC: [8192] mysql_connect(): The mysql extension is deprecated and will be removed in the future: use mysqli or PDO instead G:\wamp\www\blog\ThinkPHP\Library\Think\Db\Driver\Mysql.class.php 第 52 行.
SQL: SHOW COLUMNS FROM `bl_admin` [ RunTime:0.044405s ]
SQL: SELECT * FROM `bl_admin`  [ RunTime:0.000719s ]
INFO: [ app_end ] --START--
INFO: Run Behavior\ShowPageTrace [ RunTime:0.001647s ]
INFO: [ app_end ] --END-- [ RunTime:0.002321s ]

[ 2015-03-26T12:29:34+08:00 ] ::1 /blog/index.php/Admin/Login/recheck
INFO: [ app_begin ] --START--
INFO: Run Behavior\ReadHtmlCache [ RunTime:0.001495s ]
INFO: [ app_begin ] --END-- [ RunTime:0.002939s ]
NOTIC: [8] Undefined index: username G:\wamp\www\blog\Apps\Admin\Controller\LoginController.class.php 第 12 行.
NOTIC: [8] Undefined index: password G:\wamp\www\blog\Apps\Admin\Controller\LoginController.class.php 第 13 行.
NOTIC: [8192] mysql_connect(): The mysql extension is deprecated and will be removed in the future: use mysqli or PDO instead G:\wamp\www\blog\ThinkPHP\Library\Think\Db\Driver\Mysql.class.php 第 52 行.
SQL: SHOW COLUMNS FROM `bl_admin` [ RunTime:0.011719s ]
SQL: SELECT * FROM `bl_admin`  [ RunTime:0.000669s ]
INFO: [ app_end ] --START--
INFO: Run Behavior\ShowPageTrace [ RunTime:0.001529s ]
INFO: [ app_end ] --END-- [ RunTime:0.001932s ]

[ 2015-03-26T12:29:50+08:00 ] ::1 /blog/index.php/Admin/Login/recheck
INFO: [ app_begin ] --START--
INFO: Run Behavior\ReadHtmlCache [ RunTime:0.003781s ]
INFO: [ app_begin ] --END-- [ RunTime:0.005623s ]
NOTIC: [8] Undefined index: username G:\wamp\www\blog\Apps\Admin\Controller\LoginController.class.php 第 12 行.
NOTIC: [8] Undefined index: password G:\wamp\www\blog\Apps\Admin\Controller\LoginController.class.php 第 13 行.
NOTIC: [8192] mysql_connect(): The mysql extension is deprecated and will be removed in the future: use mysqli or PDO instead G:\wamp\www\blog\ThinkPHP\Library\Think\Db\Driver\Mysql.class.php 第 52 行.
SQL: SHOW COLUMNS FROM `bl_admin` [ RunTime:0.012397s ]
SQL: SELECT * FROM `bl_admin`  [ RunTime:0.000817s ]
INFO: [ app_end ] --START--
INFO: Run Behavior\ShowPageTrace [ RunTime:0.002076s ]
INFO: [ app_end ] --END-- [ RunTime:0.002778s ]

[ 2015-03-26T12:31:09+08:00 ] ::1 /blog/index.php/Admin/Login/recheck
INFO: [ app_begin ] --START--
INFO: Run Behavior\ReadHtmlCache [ RunTime:0.001562s ]
INFO: [ app_begin ] --END-- [ RunTime:0.003022s ]
NOTIC: [8] Undefined index: username G:\wamp\www\blog\Apps\Admin\Controller\LoginController.class.php 第 12 行.
NOTIC: [8] Undefined index: password G:\wamp\www\blog\Apps\Admin\Controller\LoginController.class.php 第 13 行.
NOTIC: [8192] mysql_connect(): The mysql extension is deprecated and will be removed in the future: use mysqli or PDO instead G:\wamp\www\blog\ThinkPHP\Library\Think\Db\Driver\Mysql.class.php 第 52 行.
SQL: SHOW COLUMNS FROM `bl_admin` [ RunTime:0.046043s ]
SQL: SELECT * FROM `bl_admin`  [ RunTime:0.000708s ]
INFO: [ app_end ] --START--
INFO: Run Behavior\ShowPageTrace [ RunTime:0.001586s ]
INFO: [ app_end ] --END-- [ RunTime:0.002008s ]

[ 2015-03-26T12:31:48+08:00 ] ::1 /blog/index.php/Admin/Login/recheck
INFO: [ app_begin ] --START--
INFO: Run Behavior\ReadHtmlCache [ RunTime:0.003297s ]
INFO: [ app_begin ] --END-- [ RunTime:0.005477s ]
NOTIC: [8] Undefined index: username G:\wamp\www\blog\Apps\Admin\Controller\LoginController.class.php 第 12 行.
NOTIC: [8] Undefined index: password G:\wamp\www\blog\Apps\Admin\Controller\LoginController.class.php 第 13 行.
NOTIC: [8192] mysql_connect(): The mysql extension is deprecated and will be removed in the future: use mysqli or PDO instead G:\wamp\www\blog\ThinkPHP\Library\Think\Db\Driver\Mysql.class.php 第 52 行.
SQL: SHOW COLUMNS FROM `bl_admin` [ RunTime:0.019964s ]
SQL: SELECT * FROM `bl_admin`  [ RunTime:0.000724s ]
INFO: [ app_end ] --START--
INFO: Run Behavior\ShowPageTrace [ RunTime:0.001906s ]
INFO: [ app_end ] --END-- [ RunTime:0.002315s ]

[ 2015-03-26T12:34:07+08:00 ] ::1 /blog/index.php/Admin/Login/recheck
INFO: [ app_begin ] --START--
INFO: Run Behavior\ReadHtmlCache [ RunTime:0.001392s ]
INFO: [ app_begin ] --END-- [ RunTime:0.002728s ]
NOTIC: [8] Undefined variable: url G:\wamp\www\blog\Apps\Admin\Controller\LoginController.class.php 第 26 行.

[ 2015-03-26T12:35:04+08:00 ] ::1 /blog/index.php/Admin/Login/recheck
INFO: [ app_begin ] --START--
INFO: Run Behavior\ReadHtmlCache [ RunTime:0.001508s ]
INFO: [ app_begin ] --END-- [ RunTime:0.003006s ]
NOTIC: [8] Undefined variable: url G:\wamp\www\blog\Apps\Admin\Controller\LoginController.class.php 第 26 行.

[ 2015-03-26T12:36:04+08:00 ] ::1 /blog/index.php/Admin/Login/recheck
INFO: [ app_begin ] --START--
INFO: Run Behavior\ReadHtmlCache [ RunTime:0.002840s ]
INFO: [ app_begin ] --END-- [ RunTime:0.004422s ]
NOTIC: [8] Undefined index: username G:\wamp\www\blog\Apps\Admin\Controller\LoginController.class.php 第 12 行.
NOTIC: [8] Undefined index: password G:\wamp\www\blog\Apps\Admin\Controller\LoginController.class.php 第 13 行.
NOTIC: [8192] mysql_connect(): The mysql extension is deprecated and will be removed in the future: use mysqli or PDO instead G:\wamp\www\blog\ThinkPHP\Library\Think\Db\Driver\Mysql.class.php 第 52 行.
SQL: SHOW COLUMNS FROM `bl_admin` [ RunTime:0.021457s ]
SQL: SELECT * FROM `bl_admin`  [ RunTime:0.000638s ]
INFO: [ app_end ] --START--
INFO: Run Behavior\ShowPageTrace [ RunTime:0.002112s ]
INFO: [ app_end ] --END-- [ RunTime:0.002519s ]

[ 2015-03-26T12:36:54+08:00 ] ::1 /blog/index.php/Admin/Login/recheck
INFO: [ app_begin ] --START--
INFO: Run Behavior\ReadHtmlCache [ RunTime:0.002743s ]
INFO: [ app_begin ] --END-- [ RunTime:0.004830s ]
NOTIC: [8] Undefined index: username G:\wamp\www\blog\Apps\Admin\Controller\LoginController.class.php 第 12 行.
NOTIC: [8] Undefined index: password G:\wamp\www\blog\Apps\Admin\Controller\LoginController.class.php 第 13 行.
NOTIC: [8192] mysql_connect(): The mysql extension is deprecated and will be removed in the future: use mysqli or PDO instead G:\wamp\www\blog\ThinkPHP\Library\Think\Db\Driver\Mysql.class.php 第 52 行.
SQL: SHOW COLUMNS FROM `bl_admin` [ RunTime:0.009778s ]
SQL: SELECT * FROM `bl_admin`  [ RunTime:0.000907s ]
INFO: [ app_end ] --START--
INFO: Run Behavior\ShowPageTrace [ RunTime:0.002536s ]
INFO: [ app_end ] --END-- [ RunTime:0.003017s ]

[ 2015-03-26T12:37:30+08:00 ] ::1 /blog/index.php/Admin/Login/recheck
INFO: [ app_begin ] --START--
INFO: Run Behavior\ReadHtmlCache [ RunTime:0.002087s ]
INFO: [ app_begin ] --END-- [ RunTime:0.003663s ]
NOTIC: [8] Undefined index: username G:\wamp\www\blog\Apps\Admin\Controller\LoginController.class.php 第 12 行.
NOTIC: [8] Undefined index: password G:\wamp\www\blog\Apps\Admin\Controller\LoginController.class.php 第 13 行.
NOTIC: [8192] mysql_connect(): The mysql extension is deprecated and will be removed in the future: use mysqli or PDO instead G:\wamp\www\blog\ThinkPHP\Library\Think\Db\Driver\Mysql.class.php 第 52 行.
SQL: SHOW COLUMNS FROM `bl_admin` [ RunTime:0.012600s ]
SQL: SELECT * FROM `bl_admin`  [ RunTime:0.000724s ]
INFO: [ app_end ] --START--
INFO: Run Behavior\ShowPageTrace [ RunTime:0.002260s ]
INFO: [ app_end ] --END-- [ RunTime:0.002707s ]

[ 2015-03-26T12:40:08+08:00 ] ::1 /blog/index.php/Admin/Login/recheck
INFO: [ app_begin ] --START--
INFO: Run Behavior\ReadHtmlCache [ RunTime:0.002163s ]
INFO: [ app_begin ] --END-- [ RunTime:0.003707s ]
NOTIC: [8] Undefined index: username G:\wamp\www\blog\Apps\Admin\Controller\LoginController.class.php 第 12 行.
NOTIC: [8] Undefined index: password G:\wamp\www\blog\Apps\Admin\Controller\LoginController.class.php 第 13 行.
NOTIC: [8192] mysql_connect(): The mysql extension is deprecated and will be removed in the future: use mysqli or PDO instead G:\wamp\www\blog\ThinkPHP\Library\Think\Db\Driver\Mysql.class.php 第 52 行.
SQL: SHOW COLUMNS FROM `bl_admin` [ RunTime:0.010539s ]
SQL: SELECT * FROM `bl_admin`  [ RunTime:0.000833s ]

[ 2015-03-26T12:40:47+08:00 ] ::1 /blog/index.php/Admin/Login/recheck
INFO: [ app_begin ] --START--
INFO: Run Behavior\ReadHtmlCache [ RunTime:0.001870s ]
INFO: [ app_begin ] --END-- [ RunTime:0.003290s ]
NOTIC: [8] Undefined index: username G:\wamp\www\blog\Apps\Admin\Controller\LoginController.class.php 第 12 行.
NOTIC: [8] Undefined index: password G:\wamp\www\blog\Apps\Admin\Controller\LoginController.class.php 第 13 行.
NOTIC: [8192] mysql_connect(): The mysql extension is deprecated and will be removed in the future: use mysqli or PDO instead G:\wamp\www\blog\ThinkPHP\Library\Think\Db\Driver\Mysql.class.php 第 52 行.
SQL: SHOW COLUMNS FROM `bl_admin` [ RunTime:0.020965s ]
SQL: SELECT * FROM `bl_admin`  [ RunTime:0.000860s ]

[ 2015-03-26T12:42:47+08:00 ] ::1 /blog/index.php/Admin/Login/recheck
INFO: [ app_begin ] --START--
INFO: Run Behavior\ReadHtmlCache [ RunTime:0.003300s ]
INFO: [ app_begin ] --END-- [ RunTime:0.005212s ]
NOTIC: [8] Undefined index: username G:\wamp\www\blog\Apps\Admin\Controller\LoginController.class.php 第 12 行.
NOTIC: [8] Undefined index: password G:\wamp\www\blog\Apps\Admin\Controller\LoginController.class.php 第 13 行.
NOTIC: [8192] mysql_connect(): The mysql extension is deprecated and will be removed in the future: use mysqli or PDO instead G:\wamp\www\blog\ThinkPHP\Library\Think\Db\Driver\Mysql.class.php 第 52 行.
SQL: SHOW COLUMNS FROM `bl_admin` [ RunTime:0.010716s ]
SQL: SELECT * FROM `bl_admin`  [ RunTime:0.000696s ]

[ 2015-03-26T12:43:08+08:00 ] ::1 /blog/index.php/Admin/Login/recheck
INFO: [ app_begin ] --START--
INFO: Run Behavior\ReadHtmlCache [ RunTime:0.001893s ]
INFO: [ app_begin ] --END-- [ RunTime:0.003694s ]
NOTIC: [8] Undefined index: username G:\wamp\www\blog\Apps\Admin\Controller\LoginController.class.php 第 12 行.
NOTIC: [8] Undefined index: password G:\wamp\www\blog\Apps\Admin\Controller\LoginController.class.php 第 13 行.
NOTIC: [8192] mysql_connect(): The mysql extension is deprecated and will be removed in the future: use mysqli or PDO instead G:\wamp\www\blog\ThinkPHP\Library\Think\Db\Driver\Mysql.class.php 第 52 行.
SQL: SHOW COLUMNS FROM `bl_admin` [ RunTime:0.010985s ]
SQL: SELECT * FROM `bl_admin`  [ RunTime:0.000666s ]

[ 2015-03-26T12:44:10+08:00 ] ::1 /blog/index.php/Admin/Login/recheck
INFO: [ app_begin ] --START--
INFO: Run Behavior\ReadHtmlCache [ RunTime:0.002145s ]
INFO: [ app_begin ] --END-- [ RunTime:0.003977s ]
NOTIC: [8] Undefined index: username G:\wamp\www\blog\Apps\Admin\Controller\LoginController.class.php 第 12 行.
NOTIC: [8] Undefined index: password G:\wamp\www\blog\Apps\Admin\Controller\LoginController.class.php 第 13 行.
NOTIC: [8192] mysql_connect(): The mysql extension is deprecated and will be removed in the future: use mysqli or PDO instead G:\wamp\www\blog\ThinkPHP\Library\Think\Db\Driver\Mysql.class.php 第 52 行.
SQL: SHOW COLUMNS FROM `bl_admin` [ RunTime:0.010078s ]
SQL: SELECT * FROM `bl_admin`  [ RunTime:0.000711s ]

[ 2015-03-26T13:02:31+08:00 ] ::1 /blog/index.php/Admin/Login/recheck
INFO: [ app_begin ] --START--
INFO: Run Behavior\ReadHtmlCache [ RunTime:0.001899s ]
INFO: [ app_begin ] --END-- [ RunTime:0.003260s ]
NOTIC: [8] Undefined index: username G:\wamp\www\blog\Apps\Admin\Controller\LoginController.class.php 第 12 行.
NOTIC: [8] Undefined index: password G:\wamp\www\blog\Apps\Admin\Controller\LoginController.class.php 第 13 行.
NOTIC: [8192] mysql_connect(): The mysql extension is deprecated and will be removed in the future: use mysqli or PDO instead G:\wamp\www\blog\ThinkPHP\Library\Think\Db\Driver\Mysql.class.php 第 52 行.
SQL: SHOW COLUMNS FROM `bl_admin` [ RunTime:0.090510s ]
SQL: SELECT * FROM `bl_admin`  [ RunTime:0.000658s ]

[ 2015-03-26T13:08:35+08:00 ] ::1 /blog/index.php/Admin/Login/recheck
INFO: [ app_begin ] --START--
INFO: Run Behavior\ReadHtmlCache [ RunTime:0.002283s ]
INFO: [ app_begin ] --END-- [ RunTime:0.003914s ]
NOTIC: [8] Undefined index: username G:\wamp\www\blog\Apps\Admin\Controller\LoginController.class.php 第 12 行.
NOTIC: [8] Undefined index: password G:\wamp\www\blog\Apps\Admin\Controller\LoginController.class.php 第 13 行.
NOTIC: [8192] mysql_connect(): The mysql extension is deprecated and will be removed in the future: use mysqli or PDO instead G:\wamp\www\blog\ThinkPHP\Library\Think\Db\Driver\Mysql.class.php 第 52 行.
SQL: SHOW COLUMNS FROM `bl_admin` [ RunTime:0.011352s ]
SQL: SELECT * FROM `bl_admin`  [ RunTime:0.000721s ]

[ 2015-03-26T13:08:45+08:00 ] ::1 /blog/index.php/Admin/Login/recheck
INFO: [ app_begin ] --START--
INFO: Run Behavior\ReadHtmlCache [ RunTime:0.002115s ]
INFO: [ app_begin ] --END-- [ RunTime:0.003891s ]
NOTIC: [8] Undefined index: username G:\wamp\www\blog\Apps\Admin\Controller\LoginController.class.php 第 12 行.
NOTIC: [8] Undefined index: password G:\wamp\www\blog\Apps\Admin\Controller\LoginController.class.php 第 13 行.
NOTIC: [8192] mysql_connect(): The mysql extension is deprecated and will be removed in the future: use mysqli or PDO instead G:\wamp\www\blog\ThinkPHP\Library\Think\Db\Driver\Mysql.class.php 第 52 行.
SQL: SHOW COLUMNS FROM `bl_admin` [ RunTime:0.009682s ]
SQL: SELECT * FROM `bl_admin`  [ RunTime:0.000803s ]

[ 2015-03-26T13:08:47+08:00 ] ::1 /blog/index.php/Admin/Login/recheck
INFO: [ app_begin ] --START--
INFO: Run Behavior\ReadHtmlCache [ RunTime:0.002599s ]
INFO: [ app_begin ] --END-- [ RunTime:0.004247s ]
NOTIC: [8] Undefined index: username G:\wamp\www\blog\Apps\Admin\Controller\LoginController.class.php 第 12 行.
NOTIC: [8] Undefined index: password G:\wamp\www\blog\Apps\Admin\Controller\LoginController.class.php 第 13 行.
NOTIC: [8192] mysql_connect(): The mysql extension is deprecated and will be removed in the future: use mysqli or PDO instead G:\wamp\www\blog\ThinkPHP\Library\Think\Db\Driver\Mysql.class.php 第 52 行.
SQL: SHOW COLUMNS FROM `bl_admin` [ RunTime:0.009686s ]
SQL: SELECT * FROM `bl_admin`  [ RunTime:0.000693s ]

[ 2015-03-26T13:08:48+08:00 ] ::1 /blog/index.php/Admin/Login/recheck
INFO: [ app_begin ] --START--
INFO: Run Behavior\ReadHtmlCache [ RunTime:0.002206s ]
INFO: [ app_begin ] --END-- [ RunTime:0.003734s ]
NOTIC: [8] Undefined index: username G:\wamp\www\blog\Apps\Admin\Controller\LoginController.class.php 第 12 行.
NOTIC: [8] Undefined index: password G:\wamp\www\blog\Apps\Admin\Controller\LoginController.class.php 第 13 行.
NOTIC: [8192] mysql_connect(): The mysql extension is deprecated and will be removed in the future: use mysqli or PDO instead G:\wamp\www\blog\ThinkPHP\Library\Think\Db\Driver\Mysql.class.php 第 52 行.
SQL: SHOW COLUMNS FROM `bl_admin` [ RunTime:0.009192s ]
SQL: SELECT * FROM `bl_admin`  [ RunTime:0.000635s ]

[ 2015-03-26T13:08:48+08:00 ] ::1 /blog/index.php/Admin/Login/recheck
INFO: [ app_begin ] --START--
INFO: Run Behavior\ReadHtmlCache [ RunTime:0.002213s ]
INFO: [ app_begin ] --END-- [ RunTime:0.003872s ]
NOTIC: [8] Undefined index: username G:\wamp\www\blog\Apps\Admin\Controller\LoginController.class.php 第 12 行.
NOTIC: [8] Undefined index: password G:\wamp\www\blog\Apps\Admin\Controller\LoginController.class.php 第 13 行.
NOTIC: [8192] mysql_connect(): The mysql extension is deprecated and will be removed in the future: use mysqli or PDO instead G:\wamp\www\blog\ThinkPHP\Library\Think\Db\Driver\Mysql.class.php 第 52 行.
SQL: SHOW COLUMNS FROM `bl_admin` [ RunTime:0.010673s ]
SQL: SELECT * FROM `bl_admin`  [ RunTime:0.000708s ]

[ 2015-03-26T13:10:46+08:00 ] ::1 /blog/index.php/Admin/Login/recheck
INFO: [ app_begin ] --START--
INFO: Run Behavior\ReadHtmlCache [ RunTime:0.002045s ]
INFO: [ app_begin ] --END-- [ RunTime:0.003475s ]
NOTIC: [8] Undefined index: username G:\wamp\www\blog\Apps\Admin\Controller\LoginController.class.php 第 12 行.
NOTIC: [8] Undefined index: password G:\wamp\www\blog\Apps\Admin\Controller\LoginController.class.php 第 13 行.
NOTIC: [8192] mysql_connect(): The mysql extension is deprecated and will be removed in the future: use mysqli or PDO instead G:\wamp\www\blog\ThinkPHP\Library\Think\Db\Driver\Mysql.class.php 第 52 行.
SQL: SHOW COLUMNS FROM `bl_admin` [ RunTime:0.011386s ]
SQL: SELECT * FROM `bl_admin`  [ RunTime:0.000721s ]

[ 2015-03-26T13:11:51+08:00 ] ::1 /blog/index.php/Admin/Login/recheck
INFO: [ app_begin ] --START--
INFO: Run Behavior\ReadHtmlCache [ RunTime:0.004502s ]
INFO: [ app_begin ] --END-- [ RunTime:0.006664s ]
NOTIC: [8] Undefined index: username G:\wamp\www\blog\Apps\Admin\Controller\LoginController.class.php 第 12 行.
NOTIC: [8] Undefined index: password G:\wamp\www\blog\Apps\Admin\Controller\LoginController.class.php 第 13 行.
NOTIC: [8192] mysql_connect(): The mysql extension is deprecated and will be removed in the future: use mysqli or PDO instead G:\wamp\www\blog\ThinkPHP\Library\Think\Db\Driver\Mysql.class.php 第 52 行.
SQL: SHOW COLUMNS FROM `bl_admin` [ RunTime:0.009639s ]
SQL: SELECT * FROM `bl_admin`  [ RunTime:0.000673s ]

[ 2015-03-26T13:11:53+08:00 ] ::1 /blog/index.php/Admin/Login/recheck
INFO: [ app_begin ] --START--
INFO: Run Behavior\ReadHtmlCache [ RunTime:0.002415s ]
INFO: [ app_begin ] --END-- [ RunTime:0.003947s ]
NOTIC: [8] Undefined index: username G:\wamp\www\blog\Apps\Admin\Controller\LoginController.class.php 第 12 行.
NOTIC: [8] Undefined index: password G:\wamp\www\blog\Apps\Admin\Controller\LoginController.class.php 第 13 行.
NOTIC: [8192] mysql_connect(): The mysql extension is deprecated and will be removed in the future: use mysqli or PDO instead G:\wamp\www\blog\ThinkPHP\Library\Think\Db\Driver\Mysql.class.php 第 52 行.
SQL: SHOW COLUMNS FROM `bl_admin` [ RunTime:0.008945s ]
SQL: SELECT * FROM `bl_admin`  [ RunTime:0.000687s ]

[ 2015-03-26T13:11:53+08:00 ] ::1 /blog/index.php/Admin/Login/recheck
INFO: [ app_begin ] --START--
INFO: Run Behavior\ReadHtmlCache [ RunTime:0.002328s ]
INFO: [ app_begin ] --END-- [ RunTime:0.003848s ]
NOTIC: [8] Undefined index: username G:\wamp\www\blog\Apps\Admin\Controller\LoginController.class.php 第 12 行.
NOTIC: [8] Undefined index: password G:\wamp\www\blog\Apps\Admin\Controller\LoginController.class.php 第 13 行.
NOTIC: [8192] mysql_connect(): The mysql extension is deprecated and will be removed in the future: use mysqli or PDO instead G:\wamp\www\blog\ThinkPHP\Library\Think\Db\Driver\Mysql.class.php 第 52 行.
SQL: SHOW COLUMNS FROM `bl_admin` [ RunTime:0.009335s ]
SQL: SELECT * FROM `bl_admin`  [ RunTime:0.000649s ]

[ 2015-03-26T13:14:13+08:00 ] ::1 /blog/index.php/Admin/Login/recheck
INFO: [ app_begin ] --START--
INFO: Run Behavior\ReadHtmlCache [ RunTime:0.002120s ]
INFO: [ app_begin ] --END-- [ RunTime:0.003720s ]
NOTIC: [8] Undefined index: username G:\wamp\www\blog\Apps\Admin\Controller\LoginController.class.php 第 12 行.
NOTIC: [8] Undefined index: password G:\wamp\www\blog\Apps\Admin\Controller\LoginController.class.php 第 13 行.
NOTIC: [8192] mysql_connect(): The mysql extension is deprecated and will be removed in the future: use mysqli or PDO instead G:\wamp\www\blog\ThinkPHP\Library\Think\Db\Driver\Mysql.class.php 第 52 行.
SQL: SHOW COLUMNS FROM `bl_admin` [ RunTime:0.009921s ]
SQL: SELECT * FROM `bl_admin`  [ RunTime:0.000871s ]

